d:\codetest\dx11withqt\dx11withqt\debug\vc120.pdb
d:\codetest\dx11withqt\dx11withqt\debug\mainwidget.obj
d:\codetest\dx11withqt\dx11withqt\debug\main.obj
d:\codetest\dx11withqt\dx11withqt\debug\moc_mainwidget.obj
d:\codetest\dx11withqt\dx11withqt\debug\moc_d3d11renderwidget.obj
d:\codetest\dx11withqt\dx11withqt\debug\d3d11renderwidget.obj
d:\codetest\dx11withqt\dx11withqt\debug\qrc_mainwidget.obj
d:\codetest\dx11withqt\dx11withqt\generatedfiles\debug\moc_mainwidget.cpp
d:\codetest\dx11withqt\dx11withqt\generatedfiles\ui_mainwidget.h
d:\codetest\dx11withqt\dx11withqt\generatedfiles\qrc_mainwidget.cpp
d:\codetest\dx11withqt\dx11withqt\generatedfiles\debug\moc_d3d11renderwidget.cpp
d:\codetest\dx11withqt\win32\debug\effects.cso
d:\codetest\dx11withqt\win32\debug\dx11withqt.pdb
d:\codetest\dx11withqt\dx11withqt\debug\dx11withqt.tlog\cl.command.1.tlog
d:\codetest\dx11withqt\dx11withqt\debug\dx11withqt.tlog\cl.read.1.tlog
d:\codetest\dx11withqt\dx11withqt\debug\dx11withqt.tlog\cl.write.1.tlog
d:\codetest\dx11withqt\dx11withqt\debug\dx11withqt.tlog\custombuild.command.1.tlog
d:\codetest\dx11withqt\dx11withqt\debug\dx11withqt.tlog\custombuild.read.1.tlog
d:\codetest\dx11withqt\dx11withqt\debug\dx11withqt.tlog\custombuild.write.1.tlog
d:\codetest\dx11withqt\dx11withqt\debug\dx11withqt.tlog\dx11withqt.write.1u.tlog
d:\codetest\dx11withqt\dx11withqt\debug\dx11withqt.tlog\link-cvtres.read.1.tlog
d:\codetest\dx11withqt\dx11withqt\debug\dx11withqt.tlog\link-cvtres.write.1.tlog
d:\codetest\dx11withqt\dx11withqt\debug\dx11withqt.tlog\link-rc.read.1.tlog
d:\codetest\dx11withqt\dx11withqt\debug\dx11withqt.tlog\link-rc.write.1.tlog
d:\codetest\dx11withqt\dx11withqt\debug\dx11withqt.tlog\link.command.1.tlog
d:\codetest\dx11withqt\dx11withqt\debug\dx11withqt.tlog\link.read.1.tlog
d:\codetest\dx11withqt\dx11withqt\debug\dx11withqt.tlog\link.write.1.tlog
